[2024-12-19 17:01:49,707] INFO [Controller id=0] New topics: [Set(test-topic)], deleted topics: [Set()], new partition replica assignment [Set(TopicIdReplicaAssignment(test-topic,Some(CAI7kFd4T3mPySg57yDyjw),Map(test-topic-0 -> ReplicaAssignment(replicas=0, addingReplicas=, removingReplicas=))))] (kafka.controller.KafkaController)
[2024-12-19 17:01:49,711] INFO [Controller id=0] New partition creation callback for test-topic-0 (kafka.controller.KafkaController)
[2024-12-19 17:01:49,797] INFO [RequestSendThread controllerId=0] Controller 0 connected to alvinnguyen41.:9092 (id: 0 rack: null) for sending state change requests (kafka.controller.RequestSendThread)
[2024-12-19 17:03:00,235] INFO [Controller id=0] Processing automatic preferred replica leader election (kafka.controller.KafkaController)
[2024-12-19 17:03:00,235] TRACE [Controller id=0] Checking need to trigger auto leader balancing (kafka.controller.KafkaController)
[2024-12-19 17:03:00,237] DEBUG [Controller id=0] Topics not in preferred replica for broker 0 Map() (kafka.controller.KafkaController)
[2024-12-19 17:03:00,238] TRACE [Controller id=0] Leader imbalance ratio for broker 0 is 0.0 (kafka.controller.KafkaController)
[2024-12-19 17:03:33,887] INFO [Controller id=0] Shutting down broker 0 (kafka.controller.KafkaController)
[2024-12-19 17:03:33,888] DEBUG [Controller id=0] All shutting down brokers: 0 (kafka.controller.KafkaController)
[2024-12-19 17:03:33,889] DEBUG [Controller id=0] Live brokers:  (kafka.controller.KafkaController)
[2024-12-19 17:03:33,904] TRACE [Controller id=0] All leaders = test-topic-0 -> (Leader:0,ISR:0,LeaderRecoveryState:RECOVERED,LeaderEpoch:0,ZkVersion:0,ControllerEpoch:1) (kafka.controller.KafkaController)
[2024-12-19 17:03:34,408] INFO [ControllerEventThread controllerId=0] Shutting down (kafka.controller.ControllerEventManager$ControllerEventThread)
[2024-12-19 17:03:34,409] INFO [ControllerEventThread controllerId=0] Stopped (kafka.controller.ControllerEventManager$ControllerEventThread)
[2024-12-19 17:03:34,410] INFO [ControllerEventThread controllerId=0] Shutdown completed (kafka.controller.ControllerEventManager$ControllerEventThread)
[2024-12-19 17:03:34,410] DEBUG [Controller id=0] Resigning (kafka.controller.KafkaController)
[2024-12-19 17:03:34,411] DEBUG [Controller id=0] Unregister BrokerModifications handler for Set(0) (kafka.controller.KafkaController)
[2024-12-19 17:03:34,414] INFO [PartitionStateMachine controllerId=0] Stopped partition state machine (kafka.controller.ZkPartitionStateMachine)
[2024-12-19 17:03:34,416] INFO [ReplicaStateMachine controllerId=0] Stopped replica state machine (kafka.controller.ZkReplicaStateMachine)
[2024-12-19 17:03:34,417] INFO [RequestSendThread controllerId=0] Shutting down (kafka.controller.RequestSendThread)
[2024-12-19 17:03:34,417] INFO [RequestSendThread controllerId=0] Shutdown completed (kafka.controller.RequestSendThread)
[2024-12-19 17:03:34,417] INFO [RequestSendThread controllerId=0] Stopped (kafka.controller.RequestSendThread)
[2024-12-19 17:03:34,421] INFO [Controller id=0] Resigned (kafka.controller.KafkaController)
